{
  "name" : "shared.undertest.FailedTestCasesUnderTest",
  "className" : "FailedTestCasesUnderTest",
  "packageName" : "shared.undertest",
  "methodNames" : [ "testMethod", "paramTest", "paramTest", "paramTest" ],
  "summary" : {
    "passed" : 0,
    "skipped" : 0,
    "failed" : 4,
    "aborted" : 0,
    "tests" : 4
  },
  "testCases" : [ {
    "wordify" : "Failing assertion",
    "status" : "FAILED",
    "methodName" : "testMethod",
    "className" : "FailedTestCasesUnderTest",
    "packageName" : "shared.undertest"
  }, {
    "wordify" : "Failing assertion with value 1",
    "status" : "FAILED",
    "methodName" : "paramTest",
    "className" : "FailedTestCasesUnderTest",
    "packageName" : "shared.undertest"
  }, {
    "wordify" : "Failing assertion with value 2",
    "status" : "FAILED",
    "methodName" : "paramTest",
    "className" : "FailedTestCasesUnderTest",
    "packageName" : "shared.undertest"
  }, {
    "wordify" : "Failing assertion with value 3",
    "status" : "FAILED",
    "methodName" : "paramTest",
    "className" : "FailedTestCasesUnderTest",
    "packageName" : "shared.undertest"
  } ]
}